<?xml version="1.0" encoding="UTF-8"?>
<!-- Generated by org.testng.reporters.JUnitReportReporter -->
<testsuite hostname="pkrvmqc4gcfdwos" failures="0" tests="3" name="tests.ui.ContactTests" time="16.096" errors="0" timestamp="2025-08-24T04:39:44 UTC" skipped="0">
  <testcase classname="tests.ui.ContactTests" name="verifySuccessfulNavigationToLinkedinProfile" time="3.717"/>
  <testcase classname="tests.ui.ContactTests" name="verifySuccessfulNavigationToGithubProfile" time="10.174"/>
  <testcase classname="tests.ui.ContactTests" name="verifySuccessfulNavigationToWhatsApp" time="2.205"/>
</testsuite> <!-- tests.ui.ContactTests -->
